<?xml version="1.0" encoding="UTF-8"?>
<!-- Generated by org.testng.reporters.JUnitXMLReporter -->
<testsuite ignored="1" hostname="DESKTOP-NPA13JS" failures="0" tests="3" name="CarLoan" time="0.084" errors="0" timestamp="2025-08-05T11:34:00 GMT-05:00">
  <testcase classname="opsConcepts.Child" name="meth" time="0.008"/>
  <testcase classname="opsConcepts.Parent" name="demo" time="0.002"/>
  <testcase classname="opsConcepts.Parent" name="demo" time="0.002"/>
  <testcase classname="opsConcepts.Parent" name="@BeforeTest btest" time="0.0">
    <ignored/>
  </testcase> <!-- @BeforeTest btest -->
</testsuite> <!-- CarLoan -->
